[debug] [2020-03-16T13:47:27.726Z] ----------------------------------------------------------------------
[debug] [2020-03-16T13:47:27.727Z] Command:       /usr/local/bin/node /usr/local/bin/firebase deploy
[debug] [2020-03-16T13:47:27.727Z] CLI Version:   7.15.0
[debug] [2020-03-16T13:47:27.727Z] Platform:      darwin
[debug] [2020-03-16T13:47:27.727Z] Node Version:  v12.15.0
[debug] [2020-03-16T13:47:27.728Z] Time:          Mon Mar 16 2020 14:47:27 GMT+0100 (GMT+01:00)
[debug] [2020-03-16T13:47:27.728Z] ----------------------------------------------------------------------
[debug] [2020-03-16T13:47:27.728Z] 
[debug] [2020-03-16T13:47:27.735Z] > command requires scopes: ["email","openid","https://www.googleapis.com/auth/cloudplatformprojects.readonly","https://www.googleapis.com/auth/firebase","https://www.googleapis.com/auth/cloud-platform"]
[debug] [2020-03-16T13:47:27.735Z] > authorizing via signed-in user
[debug] [2020-03-16T13:47:27.735Z] [iam] checking project gamesbymartinnilsen for permissions ["firebase.projects.get","firebasedatabase.instances.update","firebasehosting.sites.update"]
[debug] [2020-03-16T13:47:27.736Z] >>> HTTP REQUEST POST https://cloudresourcemanager.googleapis.com/v1/projects/gamesbymartinnilsen:testIamPermissions  

[debug] [2020-03-16T13:47:28.623Z] <<< HTTP RESPONSE 200
[debug] [2020-03-16T13:47:28.625Z] >>> HTTP REQUEST GET https://firebase.googleapis.com/v1beta1/projects/gamesbymartinnilsen  
 
[debug] [2020-03-16T13:47:28.905Z] <<< HTTP RESPONSE 200
[info] 
[info] === Deploying to 'gamesbymartinnilsen'...
[info] 
[info] i  deploying database, hosting
[info] i  database: checking rules syntax...
[debug] [2020-03-16T13:47:28.910Z] >>> HTTP REQUEST PUT https://gamesbymartinnilsen.firebaseio.com/.settings/rules.json?dryRun=true  
 {
    "rules": {
      ".read": true,
      ".write": true
    }
  }
[debug] [2020-03-16T13:47:29.850Z] <<< HTTP RESPONSE 200
[info] ✔  database: rules syntax for database gamesbymartinnilsen is valid
[debug] [2020-03-16T13:47:29.851Z] >>> HTTP REQUEST POST https://firebasehosting.googleapis.com/v1beta1/sites/gamesbymartinnilsen/versions  

[debug] [2020-03-16T13:47:31.283Z] <<< HTTP RESPONSE 200
[info] i  hosting[gamesbymartinnilsen]: beginning deploy...
[info] i  hosting[gamesbymartinnilsen]: found 21 files in build
[debug] [2020-03-16T13:47:31.998Z] [hosting] hash cache [YnVpbGQ] stored for 21 files
[debug] [2020-03-16T13:47:31.999Z] [hosting][hash queue][FINAL]
[debug] [2020-03-16T13:47:31.999Z] >>> HTTP REQUEST POST https://firebasehosting.googleapis.com/v1beta1/sites/gamesbymartinnilsen/versions/5062bec413d467ab:populateFiles  
 <request body omitted>
[debug] [2020-03-16T13:47:33.130Z] <<< HTTP RESPONSE 200
[debug] [2020-03-16T13:47:33.130Z] [hosting][populate queue][FINAL]
[debug] [2020-03-16T13:47:33.130Z] [hosting] uploads queued: 0
[debug] [2020-03-16T13:47:33.130Z] [hosting][upload queue][FINAL]
[info] ✔  hosting[gamesbymartinnilsen]: file upload complete
[debug] [2020-03-16T13:47:33.131Z] [hosting] deploy completed after 1847ms
[info] i  database: releasing rules...
[debug] [2020-03-16T13:47:33.131Z] >>> HTTP REQUEST PUT https://gamesbymartinnilsen.firebaseio.com/.settings/rules.json  
 {
    "rules": {
      ".read": true,
      ".write": true
    }
  }
